<?xml version="1.0" encoding="utf-8"?>
<coverage line-rate="0.4006" branch-rate="0.7321" version="1.9" timestamp="1619549899" lines-covered="387" lines-valid="966" branches-covered="41" branches-valid="56">
  <sources>
    <source>D:\MTS4-2MCT1-WAD\BackEndDev\Eindopdracht\backend-eindopdracht-keephealthy\</source>
  </sources>
  <packages>
    <package name="backend-eindopdracht-keephealthy" line-rate="0.4006" branch-rate="0.7321" complexity="150">
      <classes>
        <class name="backend_eindopdracht_keephealthy.Program" filename="Program.cs" line-rate="0.625" branch-rate="1" complexity="2">
          <methods>
            <method name="Main" signature="(System.String[])" line-rate="0" branch-rate="1" complexity="1">
              <lines>
                <line number="15" hits="0" branch="False" />
                <line number="16" hits="0" branch="False" />
                <line number="17" hits="0" branch="False" />
              </lines>
            </method>
            <method name="CreateHostBuilder" signature="(System.String[])" line-rate="1" branch-rate="1" complexity="1">
              <lines>
                <line number="20" hits="1" branch="False" />
                <line number="21" hits="1" branch="False" />
                <line number="22" hits="1" branch="False" />
                <line number="23" hits="1" branch="False" />
                <line number="24" hits="2" branch="False" />
              </lines>
            </method>
          </methods>
          <lines>
            <line number="15" hits="0" branch="False" />
            <line number="16" hits="0" branch="False" />
            <line number="17" hits="0" branch="False" />
            <line number="20" hits="1" branch="False" />
            <line number="21" hits="1" branch="False" />
            <line number="22" hits="1" branch="False" />
            <line number="23" hits="1" branch="False" />
            <line number="24" hits="2" branch="False" />
          </lines>
        </class>
        <class name="backend_eindopdracht_keephealthy.Startup" filename="Startup.cs" line-rate="0.8946999999999999" branch-rate="0.75" complexity="7">
          <methods>
            <method name="get_Configuration" signature="()" line-rate="1" branch-rate="1" complexity="1">
              <lines>
                <line number="32" hits="1" branch="False" />
              </lines>
            </method>
            <method name="ConfigureServices" signature="(Microsoft.Extensions.DependencyInjection.IServiceCollection)" line-rate="0.8332999999999999" branch-rate="1" complexity="1">
              <lines>
                <line number="36" hits="1" branch="False" />
                <line number="38" hits="1" branch="False" />
                <line number="39" hits="1" branch="False" />
                <line number="42" hits="1" branch="False" />
                <line number="43" hits="1" branch="False" />
                <line number="44" hits="1" branch="False" />
                <line number="45" hits="1" branch="False" />
                <line number="46" hits="1" branch="False" />
                <line number="49" hits="1" branch="False" />
                <line number="50" hits="1" branch="False" />
                <line number="51" hits="1" branch="False" />
                <line number="52" hits="1" branch="False" />
                <line number="54" hits="1" branch="False" />
                <line number="56" hits="1" branch="False" />
                <line number="58" hits="1" branch="False" />
                <line number="59" hits="1" branch="False" />
                <line number="60" hits="1" branch="False" />
                <line number="61" hits="1" branch="False" />
                <line number="62" hits="1" branch="False" />
                <line number="63" hits="1" branch="False" />
                <line number="64" hits="1" branch="False" />
                <line number="65" hits="1" branch="False" />
                <line number="66" hits="2" branch="False" />
                <line number="68" hits="1" branch="False" />
                <line number="69" hits="1" branch="False" />
                <line number="70" hits="1" branch="False" />
                <line number="71" hits="2" branch="False" />
                <line number="73" hits="1" branch="False" />
                <line number="74" hits="0" branch="False" />
                <line number="75" hits="0" branch="False" />
                <line number="76" hits="0" branch="False" />
                <line number="77" hits="0" branch="False" />
                <line number="78" hits="0" branch="False" />
                <line number="79" hits="0" branch="False" />
                <line number="80" hits="1" branch="False" />
                <line number="81" hits="1" branch="False" />
              </lines>
            </method>
            <method name="Configure" signature="(Microsoft.AspNetCore.Builder.IApplicationBuilder,Microsoft.AspNetCore.Hosting.IWebHostEnvironment)" line-rate="1" branch-rate="0.75" complexity="4">
              <lines>
                <line number="85" hits="1" branch="False" />
                <line number="86" hits="1" branch="True" condition-coverage="75% (3/4)">
                  <conditions>
                    <condition number="7" type="jump" coverage="50%" />
                    <condition number="25" type="jump" coverage="100%" />
                  </conditions>
                </line>
                <line number="87" hits="1" branch="False" />
                <line number="88" hits="1" branch="False" />
                <line number="89" hits="1" branch="False" />
                <line number="90" hits="2" branch="False" />
                <line number="91" hits="1" branch="False" />
                <line number="93" hits="1" branch="False" />
                <line number="95" hits="1" branch="False" />
                <line number="97" hits="1" branch="False" />
                <line number="99" hits="1" branch="False" />
                <line number="101" hits="1" branch="False" />
                <line number="102" hits="1" branch="False" />
                <line number="103" hits="1" branch="False" />
                <line number="104" hits="2" branch="False" />
                <line number="105" hits="1" branch="False" />
              </lines>
            </method>
            <method name=".ctor" signature="(Microsoft.Extensions.Configuration.IConfiguration)" line-rate="1" branch-rate="1" complexity="1">
              <lines>
                <line number="27" hits="1" branch="False" />
                <line number="28" hits="1" branch="False" />
                <line number="29" hits="1" branch="False" />
                <line number="30" hits="1" branch="False" />
              </lines>
            </method>
          </methods>
          <lines>
            <line number="32" hits="1" branch="False" />
            <line number="36" hits="1" branch="False" />
            <line number="38" hits="1" branch="False" />
            <line number="39" hits="1" branch="False" />
            <line number="42" hits="1" branch="False" />
            <line number="43" hits="1" branch="False" />
            <line number="44" hits="1" branch="False" />
            <line number="45" hits="1" branch="False" />
            <line number="46" hits="1" branch="False" />
            <line number="49" hits="1" branch="False" />
            <line number="50" hits="1" branch="False" />
            <line number="51" hits="1" branch="False" />
            <line number="52" hits="1" branch="False" />
            <line number="54" hits="1" branch="False" />
            <line number="56" hits="1" branch="False" />
            <line number="58" hits="1" branch="False" />
            <line number="59" hits="1" branch="False" />
            <line number="60" hits="1" branch="False" />
            <line number="61" hits="1" branch="False" />
            <line number="62" hits="1" branch="False" />
            <line number="63" hits="1" branch="False" />
            <line number="64" hits="1" branch="False" />
            <line number="65" hits="1" branch="False" />
            <line number="66" hits="2" branch="False" />
            <line number="68" hits="1" branch="False" />
            <line number="69" hits="1" branch="False" />
            <line number="70" hits="1" branch="False" />
            <line number="71" hits="2" branch="False" />
            <line number="73" hits="1" branch="False" />
            <line number="74" hits="0" branch="False" />
            <line number="75" hits="0" branch="False" />
            <line number="76" hits="0" branch="False" />
            <line number="77" hits="0" branch="False" />
            <line number="78" hits="0" branch="False" />
            <line number="79" hits="0" branch="False" />
            <line number="80" hits="1" branch="False" />
            <line number="81" hits="1" branch="False" />
            <line number="85" hits="1" branch="False" />
            <line number="86" hits="1" branch="True" condition-coverage="75% (3/4)">
              <conditions>
                <condition number="7" type="jump" coverage="50%" />
                <condition number="25" type="jump" coverage="100%" />
              </conditions>
            </line>
            <line number="87" hits="1" branch="False" />
            <line number="88" hits="1" branch="False" />
            <line number="89" hits="1" branch="False" />
            <line number="90" hits="2" branch="False" />
            <line number="91" hits="1" branch="False" />
            <line number="93" hits="1" branch="False" />
            <line number="95" hits="1" branch="False" />
            <line number="97" hits="1" branch="False" />
            <line number="99" hits="1" branch="False" />
            <line number="101" hits="1" branch="False" />
            <line number="102" hits="1" branch="False" />
            <line number="103" hits="1" branch="False" />
            <line number="104" hits="2" branch="False" />
            <line number="105" hits="1" branch="False" />
            <line number="27" hits="1" branch="False" />
            <line number="28" hits="1" branch="False" />
            <line number="29" hits="1" branch="False" />
            <line number="30" hits="1" branch="False" />
          </lines>
        </class>
        <class name="backend_eindopdracht_keephealthy.Services.LoginService" filename="Services\LoginService.cs" line-rate="1" branch-rate="1" complexity="1">
          <methods>
            <method name=".ctor" signature="(AutoMapper.IMapper,backend_eindopdracht_keephealthy.Repositories.IUserRepository)" line-rate="1" branch-rate="1" complexity="1">
              <lines>
                <line number="20" hits="32" branch="False" />
                <line number="21" hits="32" branch="False" />
                <line number="22" hits="32" branch="False" />
                <line number="23" hits="32" branch="False" />
                <line number="24" hits="32" branch="False" />
              </lines>
            </method>
          </methods>
          <lines>
            <line number="20" hits="32" branch="False" />
            <line number="21" hits="32" branch="False" />
            <line number="22" hits="32" branch="False" />
            <line number="23" hits="32" branch="False" />
            <line number="24" hits="32" branch="False" />
          </lines>
        </class>
        <class name="backend_eindopdracht_keephealthy.Services.LoginService/&lt;LoginWithGoogle&gt;d__3" filename="Services\LoginService.cs" line-rate="0.6153" branch-rate="0.5" complexity="2">
          <methods>
            <method name="MoveNext" signature="()" line-rate="0.6153" branch-rate="0.5" complexity="2">
              <lines>
                <line number="27" hits="1" branch="False" />
                <line number="29" hits="1" branch="False" />
                <line number="30" hits="1" branch="False" />
                <line number="33" hits="1" branch="False" />
                <line number="34" hits="1" branch="True" condition-coverage="50% (1/2)">
                  <conditions>
                    <condition number="256" type="jump" coverage="50%" />
                  </conditions>
                </line>
                <line number="35" hits="1" branch="False" />
                <line number="36" hits="1" branch="False" />
                <line number="39" hits="0" branch="False" />
                <line number="40" hits="0" branch="False" />
                <line number="43" hits="0" branch="False" />
                <line number="44" hits="0" branch="False" />
                <line number="45" hits="0" branch="False" />
                <line number="47" hits="1" branch="False" />
              </lines>
            </method>
          </methods>
          <lines>
            <line number="27" hits="1" branch="False" />
            <line number="29" hits="1" branch="False" />
            <line number="30" hits="1" branch="False" />
            <line number="33" hits="1" branch="False" />
            <line number="34" hits="1" branch="True" condition-coverage="50% (1/2)">
              <conditions>
                <condition number="256" type="jump" coverage="50%" />
              </conditions>
            </line>
            <line number="35" hits="1" branch="False" />
            <line number="36" hits="1" branch="False" />
            <line number="39" hits="0" branch="False" />
            <line number="40" hits="0" branch="False" />
            <line number="43" hits="0" branch="False" />
            <line number="44" hits="0" branch="False" />
            <line number="45" hits="0" branch="False" />
            <line number="47" hits="1" branch="False" />
          </lines>
        </class>
        <class name="backend_eindopdracht_keephealthy.Services.RegistrationService" filename="Services\RegistrationService.cs" line-rate="0.8665999999999999" branch-rate="0.8332999999999999" complexity="19">
          <methods>
            <method name="checkValueWithTopic" signature="(System.Double,System.Guid)" line-rate="0.84" branch-rate="0.8332999999999999" complexity="18">
              <lines>
                <line number="39" hits="5" branch="False" />
                <line number="41" hits="5" branch="True" condition-coverage="100% (2/2)">
                  <conditions>
                    <condition number="19" type="jump" coverage="100%" />
                  </conditions>
                </line>
                <line number="42" hits="1" branch="False" />
                <line number="43" hits="1" branch="True" condition-coverage="50% (2/4)">
                  <conditions>
                    <condition number="32" type="jump" coverage="50%" />
                    <condition number="51" type="jump" coverage="50%" />
                  </conditions>
                </line>
                <line number="44" hits="0" branch="False" />
                <line number="45" hits="0" branch="False" />
                <line number="48" hits="1" branch="False" />
                <line number="49" hits="1" branch="False" />
                <line number="53" hits="4" branch="True" condition-coverage="100% (2/2)">
                  <conditions>
                    <condition number="95" type="jump" coverage="100%" />
                  </conditions>
                </line>
                <line number="54" hits="2" branch="False" />
                <line number="55" hits="2" branch="True" condition-coverage="100% (4/4)">
                  <conditions>
                    <condition number="108" type="jump" coverage="100%" />
                    <condition number="129" type="jump" coverage="100%" />
                  </conditions>
                </line>
                <line number="56" hits="1" branch="False" />
                <line number="57" hits="1" branch="False" />
                <line number="60" hits="1" branch="False" />
                <line number="61" hits="1" branch="False" />
                <line number="65" hits="2" branch="True" condition-coverage="50% (1/2)">
                  <conditions>
                    <condition number="169" type="jump" coverage="50%" />
                  </conditions>
                </line>
                <line number="66" hits="2" branch="False" />
                <line number="67" hits="2" branch="True" condition-coverage="100% (4/4)">
                  <conditions>
                    <condition number="182" type="jump" coverage="100%" />
                    <condition number="203" type="jump" coverage="100%" />
                  </conditions>
                </line>
                <line number="68" hits="1" branch="False" />
                <line number="69" hits="1" branch="False" />
                <line number="71" hits="1" branch="False" />
                <line number="72" hits="1" branch="False" />
                <line number="75" hits="0" branch="False" />
                <line number="76" hits="0" branch="False" />
                <line number="78" hits="5" branch="False" />
              </lines>
            </method>
            <method name=".ctor" signature="(AutoMapper.IMapper,backend_eindopdracht_keephealthy.Repositories.IRegistrationRepository)" line-rate="1" branch-rate="1" complexity="1">
              <lines>
                <line number="30" hits="32" branch="False" />
                <line number="31" hits="32" branch="False" />
                <line number="32" hits="32" branch="False" />
                <line number="33" hits="32" branch="False" />
                <line number="35" hits="32" branch="False" />
              </lines>
            </method>
          </methods>
          <lines>
            <line number="39" hits="5" branch="False" />
            <line number="41" hits="5" branch="True" condition-coverage="100% (2/2)">
              <conditions>
                <condition number="19" type="jump" coverage="100%" />
              </conditions>
            </line>
            <line number="42" hits="1" branch="False" />
            <line number="43" hits="1" branch="True" condition-coverage="50% (2/4)">
              <conditions>
                <condition number="32" type="jump" coverage="50%" />
                <condition number="51" type="jump" coverage="50%" />
              </conditions>
            </line>
            <line number="44" hits="0" branch="False" />
            <line number="45" hits="0" branch="False" />
            <line number="48" hits="1" branch="False" />
            <line number="49" hits="1" branch="False" />
            <line number="53" hits="4" branch="True" condition-coverage="100% (2/2)">
              <conditions>
                <condition number="95" type="jump" coverage="100%" />
              </conditions>
            </line>
            <line number="54" hits="2" branch="False" />
            <line number="55" hits="2" branch="True" condition-coverage="100% (4/4)">
              <conditions>
                <condition number="108" type="jump" coverage="100%" />
                <condition number="129" type="jump" coverage="100%" />
              </conditions>
            </line>
            <line number="56" hits="1" branch="False" />
            <line number="57" hits="1" branch="False" />
            <line number="60" hits="1" branch="False" />
            <line number="61" hits="1" branch="False" />
            <line number="65" hits="2" branch="True" condition-coverage="50% (1/2)">
              <conditions>
                <condition number="169" type="jump" coverage="50%" />
              </conditions>
            </line>
            <line number="66" hits="2" branch="False" />
            <line number="67" hits="2" branch="True" condition-coverage="100% (4/4)">
              <conditions>
                <condition number="182" type="jump" coverage="100%" />
                <condition number="203" type="jump" coverage="100%" />
              </conditions>
            </line>
            <line number="68" hits="1" branch="False" />
            <line number="69" hits="1" branch="False" />
            <line number="71" hits="1" branch="False" />
            <line number="72" hits="1" branch="False" />
            <line number="75" hits="0" branch="False" />
            <line number="76" hits="0" branch="False" />
            <line number="78" hits="5" branch="False" />
            <line number="30" hits="32" branch="False" />
            <line number="31" hits="32" branch="False" />
            <line number="32" hits="32" branch="False" />
            <line number="33" hits="32" branch="False" />
            <line number="35" hits="32" branch="False" />
          </lines>
        </class>
        <class name="backend_eindopdracht_keephealthy.Services.RegistrationService/&lt;AddRegistration&gt;d__4" filename="Services\RegistrationService.cs" line-rate="0.7692" branch-rate="1" complexity="2">
          <methods>
            <method name="MoveNext" signature="()" line-rate="0.7692" branch-rate="1" complexity="2">
              <lines>
                <line number="81" hits="5" branch="False" />
                <line number="83" hits="5" branch="False" />
                <line number="84" hits="5" branch="False" />
                <line number="85" hits="8" branch="True" condition-coverage="100% (2/2)">
                  <conditions>
                    <condition number="84" type="jump" coverage="100%" />
                  </conditions>
                </line>
                <line number="86" hits="3" branch="False" />
                <line number="87" hits="3" branch="False" />
                <line number="89" hits="2" branch="False" />
                <line number="90" hits="2" branch="False" />
                <line number="91" hits="2" branch="False" />
                <line number="94" hits="0" branch="False" />
                <line number="95" hits="0" branch="False" />
                <line number="96" hits="0" branch="False" />
                <line number="99" hits="5" branch="False" />
              </lines>
            </method>
          </methods>
          <lines>
            <line number="81" hits="5" branch="False" />
            <line number="83" hits="5" branch="False" />
            <line number="84" hits="5" branch="False" />
            <line number="85" hits="8" branch="True" condition-coverage="100% (2/2)">
              <conditions>
                <condition number="84" type="jump" coverage="100%" />
              </conditions>
            </line>
            <line number="86" hits="3" branch="False" />
            <line number="87" hits="3" branch="False" />
            <line number="89" hits="2" branch="False" />
            <line number="90" hits="2" branch="False" />
            <line number="91" hits="2" branch="False" />
            <line number="94" hits="0" branch="False" />
            <line number="95" hits="0" branch="False" />
            <line number="96" hits="0" branch="False" />
            <line number="99" hits="5" branch="False" />
          </lines>
        </class>
        <class name="backend_eindopdracht_keephealthy.Services.RegistrationService/&lt;GetLatestRegistrationByTopic&gt;d__5" filename="Services\RegistrationService.cs" line-rate="0.5714" branch-rate="1" complexity="1">
          <methods>
            <method name="MoveNext" signature="()" line-rate="0.5714" branch-rate="1" complexity="1">
              <lines>
                <line number="104" hits="2" branch="False" />
                <line number="106" hits="2" branch="False" />
                <line number="107" hits="2" branch="False" />
                <line number="109" hits="0" branch="False" />
                <line number="110" hits="0" branch="False" />
                <line number="111" hits="0" branch="False" />
                <line number="113" hits="2" branch="False" />
              </lines>
            </method>
          </methods>
          <lines>
            <line number="104" hits="2" branch="False" />
            <line number="106" hits="2" branch="False" />
            <line number="107" hits="2" branch="False" />
            <line number="109" hits="0" branch="False" />
            <line number="110" hits="0" branch="False" />
            <line number="111" hits="0" branch="False" />
            <line number="113" hits="2" branch="False" />
          </lines>
        </class>
        <class name="backend_eindopdracht_keephealthy.Services.RegistrationService/&lt;GetLatestRegistrationsByTopic&gt;d__6" filename="Services\RegistrationService.cs" line-rate="0.5714" branch-rate="1" complexity="1">
          <methods>
            <method name="MoveNext" signature="()" line-rate="0.5714" branch-rate="1" complexity="1">
              <lines>
                <line number="116" hits="2" branch="False" />
                <line number="118" hits="2" branch="False" />
                <line number="119" hits="2" branch="False" />
                <line number="121" hits="0" branch="False" />
                <line number="122" hits="0" branch="False" />
                <line number="123" hits="0" branch="False" />
                <line number="125" hits="2" branch="False" />
              </lines>
            </method>
          </methods>
          <lines>
            <line number="116" hits="2" branch="False" />
            <line number="118" hits="2" branch="False" />
            <line number="119" hits="2" branch="False" />
            <line number="121" hits="0" branch="False" />
            <line number="122" hits="0" branch="False" />
            <line number="123" hits="0" branch="False" />
            <line number="125" hits="2" branch="False" />
          </lines>
        </class>
        <class name="backend_eindopdracht_keephealthy.Services.RegistrationService/&lt;&gt;c" filename="Services\RegistrationService.cs" line-rate="1" branch-rate="1" complexity="1">
          <methods>
            <method name="&lt;GetLatestRegistrationsDayTotalByTopic&gt;b__7_0" signature="(backend_eindopdracht_keephealthy.DTO.RegistrationDTO)" line-rate="1" branch-rate="1" complexity="1">
              <lines>
                <line number="133" hits="32" branch="False" />
              </lines>
            </method>
          </methods>
          <lines>
            <line number="133" hits="32" branch="False" />
          </lines>
        </class>
        <class name="backend_eindopdracht_keephealthy.Services.RegistrationService/&lt;GetLatestRegistrationsDayTotalByTopic&gt;d__7" filename="Services\RegistrationService.cs" line-rate="0.8332999999999999" branch-rate="1" complexity="4">
          <methods>
            <method name="MoveNext" signature="()" line-rate="0.8332999999999999" branch-rate="1" complexity="4">
              <lines>
                <line number="128" hits="2" branch="False" />
                <line number="130" hits="2" branch="False" />
                <line number="131" hits="2" branch="False" />
                <line number="132" hits="2" branch="False" />
                <line number="134" hits="8" branch="True" condition-coverage="100% (2/2)">
                  <conditions>
                    <condition number="708" type="jump" coverage="100%" />
                  </conditions>
                </line>
                <line number="135" hits="1" branch="False" />
                <line number="136" hits="1" branch="False" />
                <line number="137" hits="61" branch="True" condition-coverage="100% (2/2)">
                  <conditions>
                    <condition number="438" type="jump" coverage="100%" />
                  </conditions>
                </line>
                <line number="138" hits="29" branch="False" />
                <line number="139" hits="29" branch="False" />
                <line number="140" hits="29" branch="False" />
                <line number="141" hits="1" branch="False" />
                <line number="142" hits="1" branch="False" />
                <line number="143" hits="2" branch="False" />
                <line number="145" hits="0" branch="False" />
                <line number="146" hits="0" branch="False" />
                <line number="147" hits="0" branch="False" />
                <line number="149" hits="2" branch="False" />
              </lines>
            </method>
          </methods>
          <lines>
            <line number="128" hits="2" branch="False" />
            <line number="130" hits="2" branch="False" />
            <line number="131" hits="2" branch="False" />
            <line number="132" hits="2" branch="False" />
            <line number="134" hits="8" branch="True" condition-coverage="100% (2/2)">
              <conditions>
                <condition number="708" type="jump" coverage="100%" />
              </conditions>
            </line>
            <line number="135" hits="1" branch="False" />
            <line number="136" hits="1" branch="False" />
            <line number="137" hits="61" branch="True" condition-coverage="100% (2/2)">
              <conditions>
                <condition number="438" type="jump" coverage="100%" />
              </conditions>
            </line>
            <line number="138" hits="29" branch="False" />
            <line number="139" hits="29" branch="False" />
            <line number="140" hits="29" branch="False" />
            <line number="141" hits="1" branch="False" />
            <line number="142" hits="1" branch="False" />
            <line number="143" hits="2" branch="False" />
            <line number="145" hits="0" branch="False" />
            <line number="146" hits="0" branch="False" />
            <line number="147" hits="0" branch="False" />
            <line number="149" hits="2" branch="False" />
          </lines>
        </class>
        <class name="backend_eindopdracht_keephealthy.Services.RegistrationService/&lt;DeleteLatestRegistrationFromTopic&gt;d__8" filename="Services\RegistrationService.cs" line-rate="0.5714" branch-rate="1" complexity="1">
          <methods>
            <method name="MoveNext" signature="()" line-rate="0.5714" branch-rate="1" complexity="1">
              <lines>
                <line number="154" hits="4" branch="False" />
                <line number="156" hits="4" branch="False" />
                <line number="157" hits="4" branch="False" />
                <line number="159" hits="0" branch="False" />
                <line number="160" hits="0" branch="False" />
                <line number="161" hits="0" branch="False" />
                <line number="163" hits="4" branch="False" />
              </lines>
            </method>
          </methods>
          <lines>
            <line number="154" hits="4" branch="False" />
            <line number="156" hits="4" branch="False" />
            <line number="157" hits="4" branch="False" />
            <line number="159" hits="0" branch="False" />
            <line number="160" hits="0" branch="False" />
            <line number="161" hits="0" branch="False" />
            <line number="163" hits="4" branch="False" />
          </lines>
        </class>
        <class name="backend_eindopdracht_keephealthy.Services.RegistrationService/&lt;DeleteRegistration&gt;d__9" filename="Services\RegistrationService.cs" line-rate="0.5714" branch-rate="1" complexity="1">
          <methods>
            <method name="MoveNext" signature="()" line-rate="0.5714" branch-rate="1" complexity="1">
              <lines>
                <line number="166" hits="1" branch="False" />
                <line number="168" hits="1" branch="False" />
                <line number="169" hits="1" branch="False" />
                <line number="171" hits="0" branch="False" />
                <line number="172" hits="0" branch="False" />
                <line number="173" hits="0" branch="False" />
                <line number="175" hits="1" branch="False" />
              </lines>
            </method>
          </methods>
          <lines>
            <line number="166" hits="1" branch="False" />
            <line number="168" hits="1" branch="False" />
            <line number="169" hits="1" branch="False" />
            <line number="171" hits="0" branch="False" />
            <line number="172" hits="0" branch="False" />
            <line number="173" hits="0" branch="False" />
            <line number="175" hits="1" branch="False" />
          </lines>
        </class>
        <class name="backend_eindopdracht_keephealthy.Services.RegistrationService/&lt;DeleteAllRegistrationsFromUserFromTopic&gt;d__10" filename="Services\RegistrationService.cs" line-rate="0" branch-rate="1" complexity="1">
          <methods>
            <method name="MoveNext" signature="()" line-rate="0" branch-rate="1" complexity="1">
              <lines>
                <line number="178" hits="0" branch="False" />
                <line number="180" hits="0" branch="False" />
                <line number="181" hits="0" branch="False" />
                <line number="183" hits="0" branch="False" />
                <line number="184" hits="0" branch="False" />
                <line number="185" hits="0" branch="False" />
                <line number="187" hits="0" branch="False" />
              </lines>
            </method>
          </methods>
          <lines>
            <line number="178" hits="0" branch="False" />
            <line number="180" hits="0" branch="False" />
            <line number="181" hits="0" branch="False" />
            <line number="183" hits="0" branch="False" />
            <line number="184" hits="0" branch="False" />
            <line number="185" hits="0" branch="False" />
            <line number="187" hits="0" branch="False" />
          </lines>
        </class>
        <class name="backend_eindopdracht_keephealthy.Services.SettingsService" filename="Services\SettingsService.cs" line-rate="1" branch-rate="1" complexity="1">
          <methods>
            <method name=".ctor" signature="(AutoMapper.IMapper,backend_eindopdracht_keephealthy.Repositories.ISleepSettingRepository)" line-rate="1" branch-rate="1" complexity="1">
              <lines>
                <line number="22" hits="32" branch="False" />
                <line number="23" hits="32" branch="False" />
                <line number="24" hits="32" branch="False" />
                <line number="25" hits="32" branch="False" />
                <line number="26" hits="32" branch="False" />
              </lines>
            </method>
          </methods>
          <lines>
            <line number="22" hits="32" branch="False" />
            <line number="23" hits="32" branch="False" />
            <line number="24" hits="32" branch="False" />
            <line number="25" hits="32" branch="False" />
            <line number="26" hits="32" branch="False" />
          </lines>
        </class>
        <class name="backend_eindopdracht_keephealthy.Services.SettingsService/&lt;AddSleepSetting&gt;d__3" filename="Services\SettingsService.cs" line-rate="0" branch-rate="1" complexity="1">
          <methods>
            <method name="MoveNext" signature="()" line-rate="0" branch-rate="1" complexity="1">
              <lines>
                <line number="31" hits="0" branch="False" />
                <line number="33" hits="0" branch="False" />
                <line number="34" hits="0" branch="False" />
                <line number="35" hits="0" branch="False" />
                <line number="37" hits="0" branch="False" />
                <line number="38" hits="0" branch="False" />
                <line number="39" hits="0" branch="False" />
                <line number="41" hits="0" branch="False" />
              </lines>
            </method>
          </methods>
          <lines>
            <line number="31" hits="0" branch="False" />
            <line number="33" hits="0" branch="False" />
            <line number="34" hits="0" branch="False" />
            <line number="35" hits="0" branch="False" />
            <line number="37" hits="0" branch="False" />
            <line number="38" hits="0" branch="False" />
            <line number="39" hits="0" branch="False" />
            <line number="41" hits="0" branch="False" />
          </lines>
        </class>
        <class name="backend_eindopdracht_keephealthy.Services.SettingsService/&lt;GetSleepSettingByGoogleUserId&gt;d__4" filename="Services\SettingsService.cs" line-rate="0.5714" branch-rate="1" complexity="1">
          <methods>
            <method name="MoveNext" signature="()" line-rate="0.5714" branch-rate="1" complexity="1">
              <lines>
                <line number="45" hits="2" branch="False" />
                <line number="47" hits="2" branch="False" />
                <line number="48" hits="2" branch="False" />
                <line number="50" hits="0" branch="False" />
                <line number="51" hits="0" branch="False" />
                <line number="52" hits="0" branch="False" />
                <line number="54" hits="2" branch="False" />
              </lines>
            </method>
          </methods>
          <lines>
            <line number="45" hits="2" branch="False" />
            <line number="47" hits="2" branch="False" />
            <line number="48" hits="2" branch="False" />
            <line number="50" hits="0" branch="False" />
            <line number="51" hits="0" branch="False" />
            <line number="52" hits="0" branch="False" />
            <line number="54" hits="2" branch="False" />
          </lines>
        </class>
        <class name="backend_eindopdracht_keephealthy.Services.SettingsService/&lt;UpdateSleepSetting&gt;d__5" filename="Services\SettingsService.cs" line-rate="1" branch-rate="1" complexity="1">
          <methods>
            <method name="MoveNext" signature="()" line-rate="1" branch-rate="1" complexity="1">
              <lines>
                <line number="58" hits="2" branch="False" />
                <line number="60" hits="2" branch="False" />
                <line number="61" hits="2" branch="False" />
                <line number="62" hits="2" branch="False" />
                <line number="64" hits="1" branch="False" />
                <line number="65" hits="1" branch="False" />
                <line number="66" hits="1" branch="False" />
                <line number="68" hits="1" branch="False" />
              </lines>
            </method>
          </methods>
          <lines>
            <line number="58" hits="2" branch="False" />
            <line number="60" hits="2" branch="False" />
            <line number="61" hits="2" branch="False" />
            <line number="62" hits="2" branch="False" />
            <line number="64" hits="1" branch="False" />
            <line number="65" hits="1" branch="False" />
            <line number="66" hits="1" branch="False" />
            <line number="68" hits="1" branch="False" />
          </lines>
        </class>
        <class name="backend_eindopdracht_keephealthy.Services.TopicService" filename="Services\TopicService.cs" line-rate="1" branch-rate="1" complexity="1">
          <methods>
            <method name=".ctor" signature="(AutoMapper.IMapper,backend_eindopdracht_keephealthy.Repositories.ITopicRepository)" line-rate="1" branch-rate="1" complexity="1">
              <lines>
                <line number="20" hits="32" branch="False" />
                <line number="21" hits="32" branch="False" />
                <line number="22" hits="32" branch="False" />
                <line number="23" hits="32" branch="False" />
                <line number="24" hits="32" branch="False" />
              </lines>
            </method>
          </methods>
          <lines>
            <line number="20" hits="32" branch="False" />
            <line number="21" hits="32" branch="False" />
            <line number="22" hits="32" branch="False" />
            <line number="23" hits="32" branch="False" />
            <line number="24" hits="32" branch="False" />
          </lines>
        </class>
        <class name="backend_eindopdracht_keephealthy.Services.TopicService/&lt;GetTopics&gt;d__3" filename="Services\TopicService.cs" line-rate="0.5714" branch-rate="1" complexity="1">
          <methods>
            <method name="MoveNext" signature="()" line-rate="0.5714" branch-rate="1" complexity="1">
              <lines>
                <line number="27" hits="1" branch="False" />
                <line number="29" hits="1" branch="False" />
                <line number="30" hits="1" branch="False" />
                <line number="32" hits="0" branch="False" />
                <line number="33" hits="0" branch="False" />
                <line number="34" hits="0" branch="False" />
                <line number="36" hits="1" branch="False" />
              </lines>
            </method>
          </methods>
          <lines>
            <line number="27" hits="1" branch="False" />
            <line number="29" hits="1" branch="False" />
            <line number="30" hits="1" branch="False" />
            <line number="32" hits="0" branch="False" />
            <line number="33" hits="0" branch="False" />
            <line number="34" hits="0" branch="False" />
            <line number="36" hits="1" branch="False" />
          </lines>
        </class>
        <class name="backend_eindopdracht_keephealthy.Repositories.RegistrationRepository" filename="Repositories\RegistrationRepository.cs" line-rate="1" branch-rate="1" complexity="1">
          <methods>
            <method name=".ctor" signature="(backend_eindopdracht_keephealthy.Data.IHealthContext)" line-rate="1" branch-rate="1" complexity="1">
              <lines>
                <line number="28" hits="64" branch="False" />
                <line number="29" hits="64" branch="False" />
                <line number="30" hits="64" branch="False" />
                <line number="31" hits="64" branch="False" />
              </lines>
            </method>
          </methods>
          <lines>
            <line number="28" hits="64" branch="False" />
            <line number="29" hits="64" branch="False" />
            <line number="30" hits="64" branch="False" />
            <line number="31" hits="64" branch="False" />
          </lines>
        </class>
        <class name="backend_eindopdracht_keephealthy.Repositories.RegistrationRepository/&lt;AddRegistration&gt;d__2" filename="Repositories\RegistrationRepository.cs" line-rate="0.7" branch-rate="1" complexity="1">
          <methods>
            <method name="MoveNext" signature="()" line-rate="0.7" branch-rate="1" complexity="1">
              <lines>
                <line number="36" hits="3" branch="False" />
                <line number="38" hits="3" branch="False" />
                <line number="39" hits="3" branch="False" />
                <line number="40" hits="3" branch="False" />
                <line number="41" hits="3" branch="False" />
                <line number="42" hits="3" branch="False" />
                <line number="44" hits="0" branch="False" />
                <line number="45" hits="0" branch="False" />
                <line number="46" hits="0" branch="False" />
                <line number="49" hits="3" branch="False" />
              </lines>
            </method>
          </methods>
          <lines>
            <line number="36" hits="3" branch="False" />
            <line number="38" hits="3" branch="False" />
            <line number="39" hits="3" branch="False" />
            <line number="40" hits="3" branch="False" />
            <line number="41" hits="3" branch="False" />
            <line number="42" hits="3" branch="False" />
            <line number="44" hits="0" branch="False" />
            <line number="45" hits="0" branch="False" />
            <line number="46" hits="0" branch="False" />
            <line number="49" hits="3" branch="False" />
          </lines>
        </class>
        <class name="backend_eindopdracht_keephealthy.Repositories.RegistrationRepository/&lt;GetLatestRegistrationByTopic&gt;d__3" filename="Repositories\RegistrationRepository.cs" line-rate="0.5714" branch-rate="1" complexity="1">
          <methods>
            <method name="MoveNext" signature="()" line-rate="0.5714" branch-rate="1" complexity="1">
              <lines>
                <line number="54" hits="2" branch="False" />
                <line number="56" hits="2" branch="False" />
                <line number="57" hits="2" branch="False" />
                <line number="59" hits="0" branch="False" />
                <line number="60" hits="0" branch="False" />
                <line number="61" hits="0" branch="False" />
                <line number="63" hits="2" branch="False" />
              </lines>
            </method>
          </methods>
          <lines>
            <line number="54" hits="2" branch="False" />
            <line number="56" hits="2" branch="False" />
            <line number="57" hits="2" branch="False" />
            <line number="59" hits="0" branch="False" />
            <line number="60" hits="0" branch="False" />
            <line number="61" hits="0" branch="False" />
            <line number="63" hits="2" branch="False" />
          </lines>
        </class>
        <class name="backend_eindopdracht_keephealthy.Repositories.RegistrationRepository/&lt;GetLatestRegistrationsByTopic&gt;d__4" filename="Repositories\RegistrationRepository.cs" line-rate="0.5714" branch-rate="1" complexity="1">
          <methods>
            <method name="MoveNext" signature="()" line-rate="0.5714" branch-rate="1" complexity="1">
              <lines>
                <line number="66" hits="4" branch="False" />
                <line number="68" hits="4" branch="False" />
                <line number="69" hits="4" branch="False" />
                <line number="71" hits="0" branch="False" />
                <line number="72" hits="0" branch="False" />
                <line number="73" hits="0" branch="False" />
                <line number="75" hits="4" branch="False" />
              </lines>
            </method>
          </methods>
          <lines>
            <line number="66" hits="4" branch="False" />
            <line number="68" hits="4" branch="False" />
            <line number="69" hits="4" branch="False" />
            <line number="71" hits="0" branch="False" />
            <line number="72" hits="0" branch="False" />
            <line number="73" hits="0" branch="False" />
            <line number="75" hits="4" branch="False" />
          </lines>
        </class>
        <class name="backend_eindopdracht_keephealthy.Repositories.RegistrationRepository/&lt;DeleteLatestRegistrationFromTopic&gt;d__5" filename="Repositories\RegistrationRepository.cs" line-rate="0.7692" branch-rate="1" complexity="2">
          <methods>
            <method name="MoveNext" signature="()" line-rate="0.7692" branch-rate="1" complexity="2">
              <lines>
                <line number="80" hits="4" branch="False" />
                <line number="82" hits="4" branch="False" />
                <line number="83" hits="4" branch="False" />
                <line number="84" hits="4" branch="True" condition-coverage="100% (2/2)">
                  <conditions>
                    <condition number="491" type="jump" coverage="100%" />
                  </conditions>
                </line>
                <line number="85" hits="2" branch="False" />
                <line number="86" hits="2" branch="False" />
                <line number="87" hits="2" branch="False" />
                <line number="88" hits="2" branch="False" />
                <line number="89" hits="4" branch="False" />
                <line number="91" hits="0" branch="False" />
                <line number="92" hits="0" branch="False" />
                <line number="93" hits="0" branch="False" />
                <line number="96" hits="4" branch="False" />
              </lines>
            </method>
          </methods>
          <lines>
            <line number="80" hits="4" branch="False" />
            <line number="82" hits="4" branch="False" />
            <line number="83" hits="4" branch="False" />
            <line number="84" hits="4" branch="True" condition-coverage="100% (2/2)">
              <conditions>
                <condition number="491" type="jump" coverage="100%" />
              </conditions>
            </line>
            <line number="85" hits="2" branch="False" />
            <line number="86" hits="2" branch="False" />
            <line number="87" hits="2" branch="False" />
            <line number="88" hits="2" branch="False" />
            <line number="89" hits="4" branch="False" />
            <line number="91" hits="0" branch="False" />
            <line number="92" hits="0" branch="False" />
            <line number="93" hits="0" branch="False" />
            <line number="96" hits="4" branch="False" />
          </lines>
        </class>
        <class name="backend_eindopdracht_keephealthy.Repositories.RegistrationRepository/&lt;DeleteRegistration&gt;d__6" filename="Repositories\RegistrationRepository.cs" line-rate="0.46149999999999997" branch-rate="0.5" complexity="2">
          <methods>
            <method name="MoveNext" signature="()" line-rate="0.46149999999999997" branch-rate="0.5" complexity="2">
              <lines>
                <line number="99" hits="1" branch="False" />
                <line number="101" hits="1" branch="False" />
                <line number="102" hits="1" branch="False" />
                <line number="103" hits="1" branch="True" condition-coverage="50% (1/2)">
                  <conditions>
                    <condition number="345" type="jump" coverage="50%" />
                  </conditions>
                </line>
                <line number="104" hits="0" branch="False" />
                <line number="105" hits="0" branch="False" />
                <line number="106" hits="0" branch="False" />
                <line number="107" hits="0" branch="False" />
                <line number="108" hits="1" branch="False" />
                <line number="110" hits="0" branch="False" />
                <line number="111" hits="0" branch="False" />
                <line number="112" hits="0" branch="False" />
                <line number="114" hits="1" branch="False" />
              </lines>
            </method>
          </methods>
          <lines>
            <line number="99" hits="1" branch="False" />
            <line number="101" hits="1" branch="False" />
            <line number="102" hits="1" branch="False" />
            <line number="103" hits="1" branch="True" condition-coverage="50% (1/2)">
              <conditions>
                <condition number="345" type="jump" coverage="50%" />
              </conditions>
            </line>
            <line number="104" hits="0" branch="False" />
            <line number="105" hits="0" branch="False" />
            <line number="106" hits="0" branch="False" />
            <line number="107" hits="0" branch="False" />
            <line number="108" hits="1" branch="False" />
            <line number="110" hits="0" branch="False" />
            <line number="111" hits="0" branch="False" />
            <line number="112" hits="0" branch="False" />
            <line number="114" hits="1" branch="False" />
          </lines>
        </class>
        <class name="backend_eindopdracht_keephealthy.Repositories.RegistrationRepository/&lt;DeleteAllRegistrationsFromUserFromTopic&gt;d__7" filename="Repositories\RegistrationRepository.cs" line-rate="0" branch-rate="1" complexity="1">
          <methods>
            <method name="MoveNext" signature="()" line-rate="0" branch-rate="1" complexity="1">
              <lines>
                <line number="117" hits="0" branch="False" />
                <line number="119" hits="0" branch="False" />
                <line number="120" hits="0" branch="False" />
                <line number="121" hits="0" branch="False" />
                <line number="122" hits="0" branch="False" />
                <line number="123" hits="0" branch="False" />
                <line number="125" hits="0" branch="False" />
                <line number="126" hits="0" branch="False" />
                <line number="127" hits="0" branch="False" />
                <line number="129" hits="0" branch="False" />
              </lines>
            </method>
          </methods>
          <lines>
            <line number="117" hits="0" branch="False" />
            <line number="119" hits="0" branch="False" />
            <line number="120" hits="0" branch="False" />
            <line number="121" hits="0" branch="False" />
            <line number="122" hits="0" branch="False" />
            <line number="123" hits="0" branch="False" />
            <line number="125" hits="0" branch="False" />
            <line number="126" hits="0" branch="False" />
            <line number="127" hits="0" branch="False" />
            <line number="129" hits="0" branch="False" />
          </lines>
        </class>
        <class name="backend_eindopdracht_keephealthy.Repositories.SleepSettingRepository" filename="Repositories\SleepSettingRepository.cs" line-rate="1" branch-rate="1" complexity="1">
          <methods>
            <method name=".ctor" signature="(backend_eindopdracht_keephealthy.Data.IHealthContext)" line-rate="1" branch-rate="1" complexity="1">
              <lines>
                <line number="20" hits="32" branch="False" />
                <line number="21" hits="32" branch="False" />
                <line number="22" hits="32" branch="False" />
                <line number="23" hits="32" branch="False" />
              </lines>
            </method>
          </methods>
          <lines>
            <line number="20" hits="32" branch="False" />
            <line number="21" hits="32" branch="False" />
            <line number="22" hits="32" branch="False" />
            <line number="23" hits="32" branch="False" />
          </lines>
        </class>
        <class name="backend_eindopdracht_keephealthy.Repositories.SleepSettingRepository/&lt;AddSleepSetting&gt;d__2" filename="Repositories\SleepSettingRepository.cs" line-rate="0" branch-rate="1" complexity="1">
          <methods>
            <method name="MoveNext" signature="()" line-rate="0" branch-rate="1" complexity="1">
              <lines>
                <line number="28" hits="0" branch="False" />
                <line number="30" hits="0" branch="False" />
                <line number="31" hits="0" branch="False" />
                <line number="32" hits="0" branch="False" />
                <line number="33" hits="0" branch="False" />
                <line number="35" hits="0" branch="False" />
                <line number="36" hits="0" branch="False" />
                <line number="37" hits="0" branch="False" />
                <line number="39" hits="0" branch="False" />
              </lines>
            </method>
          </methods>
          <lines>
            <line number="28" hits="0" branch="False" />
            <line number="30" hits="0" branch="False" />
            <line number="31" hits="0" branch="False" />
            <line number="32" hits="0" branch="False" />
            <line number="33" hits="0" branch="False" />
            <line number="35" hits="0" branch="False" />
            <line number="36" hits="0" branch="False" />
            <line number="37" hits="0" branch="False" />
            <line number="39" hits="0" branch="False" />
          </lines>
        </class>
        <class name="backend_eindopdracht_keephealthy.Repositories.SleepSettingRepository/&lt;GetSleepSettingByGoogleUserId&gt;d__3" filename="Repositories\SleepSettingRepository.cs" line-rate="0.5714" branch-rate="1" complexity="1">
          <methods>
            <method name="MoveNext" signature="()" line-rate="0.5714" branch-rate="1" complexity="1">
              <lines>
                <line number="44" hits="2" branch="False" />
                <line number="46" hits="2" branch="False" />
                <line number="47" hits="2" branch="False" />
                <line number="49" hits="0" branch="False" />
                <line number="50" hits="0" branch="False" />
                <line number="51" hits="0" branch="False" />
                <line number="53" hits="2" branch="False" />
              </lines>
            </method>
          </methods>
          <lines>
            <line number="44" hits="2" branch="False" />
            <line number="46" hits="2" branch="False" />
            <line number="47" hits="2" branch="False" />
            <line number="49" hits="0" branch="False" />
            <line number="50" hits="0" branch="False" />
            <line number="51" hits="0" branch="False" />
            <line number="53" hits="2" branch="False" />
          </lines>
        </class>
        <class name="backend_eindopdracht_keephealthy.Repositories.SleepSettingRepository/&lt;UpdateSleepSetting&gt;d__4" filename="Repositories\SleepSettingRepository.cs" line-rate="0.8461" branch-rate="0.5" complexity="2">
          <methods>
            <method name="MoveNext" signature="()" line-rate="0.8461" branch-rate="0.5" complexity="2">
              <lines>
                <line number="58" hits="2" branch="False" />
                <line number="60" hits="2" branch="False" />
                <line number="61" hits="2" branch="True" condition-coverage="50% (1/2)">
                  <conditions>
                    <condition number="42" type="jump" coverage="50%" />
                  </conditions>
                </line>
                <line number="62" hits="2" branch="False" />
                <line number="63" hits="2" branch="False" />
                <line number="64" hits="2" branch="False" />
                <line number="65" hits="1" branch="False" />
                <line number="68" hits="0" branch="False" />
                <line number="69" hits="0" branch="False" />
                <line number="72" hits="1" branch="False" />
                <line number="73" hits="1" branch="False" />
                <line number="74" hits="1" branch="False" />
                <line number="77" hits="1" branch="False" />
              </lines>
            </method>
          </methods>
          <lines>
            <line number="58" hits="2" branch="False" />
            <line number="60" hits="2" branch="False" />
            <line number="61" hits="2" branch="True" condition-coverage="50% (1/2)">
              <conditions>
                <condition number="42" type="jump" coverage="50%" />
              </conditions>
            </line>
            <line number="62" hits="2" branch="False" />
            <line number="63" hits="2" branch="False" />
            <line number="64" hits="2" branch="False" />
            <line number="65" hits="1" branch="False" />
            <line number="68" hits="0" branch="False" />
            <line number="69" hits="0" branch="False" />
            <line number="72" hits="1" branch="False" />
            <line number="73" hits="1" branch="False" />
            <line number="74" hits="1" branch="False" />
            <line number="77" hits="1" branch="False" />
          </lines>
        </class>
        <class name="backend_eindopdracht_keephealthy.Repositories.TopicRepository" filename="Repositories\TopicRepository.cs" line-rate="1" branch-rate="1" complexity="1">
          <methods>
            <method name=".ctor" signature="(backend_eindopdracht_keephealthy.Data.IHealthContext)" line-rate="1" branch-rate="1" complexity="1">
              <lines>
                <line number="18" hits="32" branch="False" />
                <line number="19" hits="32" branch="False" />
                <line number="20" hits="32" branch="False" />
                <line number="21" hits="32" branch="False" />
              </lines>
            </method>
          </methods>
          <lines>
            <line number="18" hits="32" branch="False" />
            <line number="19" hits="32" branch="False" />
            <line number="20" hits="32" branch="False" />
            <line number="21" hits="32" branch="False" />
          </lines>
        </class>
        <class name="backend_eindopdracht_keephealthy.Repositories.TopicRepository/&lt;GetTopics&gt;d__2" filename="Repositories\TopicRepository.cs" line-rate="0.5714" branch-rate="1" complexity="1">
          <methods>
            <method name="MoveNext" signature="()" line-rate="0.5714" branch-rate="1" complexity="1">
              <lines>
                <line number="24" hits="1" branch="False" />
                <line number="26" hits="1" branch="False" />
                <line number="27" hits="1" branch="False" />
                <line number="29" hits="0" branch="False" />
                <line number="30" hits="0" branch="False" />
                <line number="31" hits="0" branch="False" />
                <line number="33" hits="1" branch="False" />
              </lines>
            </method>
          </methods>
          <lines>
            <line number="24" hits="1" branch="False" />
            <line number="26" hits="1" branch="False" />
            <line number="27" hits="1" branch="False" />
            <line number="29" hits="0" branch="False" />
            <line number="30" hits="0" branch="False" />
            <line number="31" hits="0" branch="False" />
            <line number="33" hits="1" branch="False" />
          </lines>
        </class>
        <class name="backend_eindopdracht_keephealthy.Repositories.UserRepository" filename="Repositories\UserRepository.cs" line-rate="1" branch-rate="1" complexity="1">
          <methods>
            <method name=".ctor" signature="(backend_eindopdracht_keephealthy.Data.IHealthContext)" line-rate="1" branch-rate="1" complexity="1">
              <lines>
                <line number="20" hits="32" branch="False" />
                <line number="21" hits="32" branch="False" />
                <line number="22" hits="32" branch="False" />
                <line number="23" hits="32" branch="False" />
              </lines>
            </method>
          </methods>
          <lines>
            <line number="20" hits="32" branch="False" />
            <line number="21" hits="32" branch="False" />
            <line number="22" hits="32" branch="False" />
            <line number="23" hits="32" branch="False" />
          </lines>
        </class>
        <class name="backend_eindopdracht_keephealthy.Repositories.UserRepository/&lt;AddUser&gt;d__2" filename="Repositories\UserRepository.cs" line-rate="0" branch-rate="1" complexity="1">
          <methods>
            <method name="MoveNext" signature="()" line-rate="0" branch-rate="1" complexity="1">
              <lines>
                <line number="28" hits="0" branch="False" />
                <line number="30" hits="0" branch="False" />
                <line number="31" hits="0" branch="False" />
                <line number="32" hits="0" branch="False" />
                <line number="33" hits="0" branch="False" />
                <line number="35" hits="0" branch="False" />
                <line number="36" hits="0" branch="False" />
                <line number="37" hits="0" branch="False" />
                <line number="39" hits="0" branch="False" />
              </lines>
            </method>
          </methods>
          <lines>
            <line number="28" hits="0" branch="False" />
            <line number="30" hits="0" branch="False" />
            <line number="31" hits="0" branch="False" />
            <line number="32" hits="0" branch="False" />
            <line number="33" hits="0" branch="False" />
            <line number="35" hits="0" branch="False" />
            <line number="36" hits="0" branch="False" />
            <line number="37" hits="0" branch="False" />
            <line number="39" hits="0" branch="False" />
          </lines>
        </class>
        <class name="backend_eindopdracht_keephealthy.Repositories.UserRepository/&lt;GetUserByGoogleId&gt;d__3" filename="Repositories\UserRepository.cs" line-rate="0.5714" branch-rate="1" complexity="1">
          <methods>
            <method name="MoveNext" signature="()" line-rate="0.5714" branch-rate="1" complexity="1">
              <lines>
                <line number="44" hits="1" branch="False" />
                <line number="46" hits="1" branch="False" />
                <line number="47" hits="1" branch="False" />
                <line number="49" hits="0" branch="False" />
                <line number="50" hits="0" branch="False" />
                <line number="51" hits="0" branch="False" />
                <line number="53" hits="1" branch="False" />
              </lines>
            </method>
          </methods>
          <lines>
            <line number="44" hits="1" branch="False" />
            <line number="46" hits="1" branch="False" />
            <line number="47" hits="1" branch="False" />
            <line number="49" hits="0" branch="False" />
            <line number="50" hits="0" branch="False" />
            <line number="51" hits="0" branch="False" />
            <line number="53" hits="1" branch="False" />
          </lines>
        </class>
        <class name="backend_eindopdracht_keephealthy.Repositories.UserRepository/&lt;UpdateUsername&gt;d__4" filename="Repositories\UserRepository.cs" line-rate="0" branch-rate="0" complexity="2">
          <methods>
            <method name="MoveNext" signature="()" line-rate="0" branch-rate="0" complexity="2">
              <lines>
                <line number="57" hits="0" branch="False" />
                <line number="59" hits="0" branch="False" />
                <line number="60" hits="0" branch="True" condition-coverage="0% (0/2)">
                  <conditions>
                    <condition number="43" type="jump" coverage="0%" />
                  </conditions>
                </line>
                <line number="61" hits="0" branch="False" />
                <line number="62" hits="0" branch="False" />
                <line number="63" hits="0" branch="False" />
                <line number="64" hits="0" branch="False" />
                <line number="67" hits="0" branch="False" />
                <line number="68" hits="0" branch="False" />
                <line number="71" hits="0" branch="False" />
                <line number="72" hits="0" branch="False" />
                <line number="73" hits="0" branch="False" />
                <line number="76" hits="0" branch="False" />
              </lines>
            </method>
          </methods>
          <lines>
            <line number="57" hits="0" branch="False" />
            <line number="59" hits="0" branch="False" />
            <line number="60" hits="0" branch="True" condition-coverage="0% (0/2)">
              <conditions>
                <condition number="43" type="jump" coverage="0%" />
              </conditions>
            </line>
            <line number="61" hits="0" branch="False" />
            <line number="62" hits="0" branch="False" />
            <line number="63" hits="0" branch="False" />
            <line number="64" hits="0" branch="False" />
            <line number="67" hits="0" branch="False" />
            <line number="68" hits="0" branch="False" />
            <line number="71" hits="0" branch="False" />
            <line number="72" hits="0" branch="False" />
            <line number="73" hits="0" branch="False" />
            <line number="76" hits="0" branch="False" />
          </lines>
        </class>
        <class name="backend_eindopdracht_keephealthy.Models.GoogleUser" filename="Models\GoogleUser.cs" line-rate="0.3333" branch-rate="1" complexity="3">
          <methods>
            <method name="get_GoogleUserId" signature="()" line-rate="1" branch-rate="1" complexity="1">
              <lines>
                <line number="10" hits="2" branch="False" />
              </lines>
            </method>
            <method name="get_SleepSetting" signature="()" line-rate="0" branch-rate="1" complexity="1">
              <lines>
                <line number="12" hits="0" branch="False" />
              </lines>
            </method>
            <method name="get_Registrations" signature="()" line-rate="0" branch-rate="1" complexity="1">
              <lines>
                <line number="14" hits="0" branch="False" />
              </lines>
            </method>
          </methods>
          <lines>
            <line number="10" hits="2" branch="False" />
            <line number="12" hits="0" branch="False" />
            <line number="14" hits="0" branch="False" />
          </lines>
        </class>
        <class name="backend_eindopdracht_keephealthy.Models.Registration" filename="Models\Registration.cs" line-rate="1" branch-rate="1" complexity="6">
          <methods>
            <method name="get_RegistrationId" signature="()" line-rate="1" branch-rate="1" complexity="1">
              <lines>
                <line number="9" hits="66" branch="False" />
              </lines>
            </method>
            <method name="get_GoogleUserId" signature="()" line-rate="1" branch-rate="1" complexity="1">
              <lines>
                <line number="12" hits="66" branch="False" />
              </lines>
            </method>
            <method name="get_TopicId" signature="()" line-rate="1" branch-rate="1" complexity="1">
              <lines>
                <line number="15" hits="66" branch="False" />
              </lines>
            </method>
            <method name="get_Topic" signature="()" line-rate="1" branch-rate="1" complexity="1">
              <lines>
                <line number="18" hits="66" branch="False" />
              </lines>
            </method>
            <method name="get_Value" signature="()" line-rate="1" branch-rate="1" complexity="1">
              <lines>
                <line number="22" hits="66" branch="False" />
              </lines>
            </method>
            <method name="get_Time" signature="()" line-rate="1" branch-rate="1" complexity="1">
              <lines>
                <line number="25" hits="69" branch="False" />
              </lines>
            </method>
          </methods>
          <lines>
            <line number="9" hits="66" branch="False" />
            <line number="12" hits="66" branch="False" />
            <line number="15" hits="66" branch="False" />
            <line number="18" hits="66" branch="False" />
            <line number="22" hits="66" branch="False" />
            <line number="25" hits="69" branch="False" />
          </lines>
        </class>
        <class name="backend_eindopdracht_keephealthy.Models.SleepSetting" filename="Models\SleepSetting.cs" line-rate="0.8332999999999999" branch-rate="1" complexity="6">
          <methods>
            <method name="get_SleepSettingId" signature="()" line-rate="1" branch-rate="1" complexity="1">
              <lines>
                <line number="9" hits="6" branch="False" />
              </lines>
            </method>
            <method name="get_GoogleUserId" signature="()" line-rate="1" branch-rate="1" complexity="1">
              <lines>
                <line number="12" hits="4" branch="False" />
              </lines>
            </method>
            <method name="get_GoogleUser" signature="()" line-rate="0" branch-rate="1" complexity="1">
              <lines>
                <line number="15" hits="0" branch="False" />
              </lines>
            </method>
            <method name="get_SleepTime" signature="()" line-rate="1" branch-rate="1" complexity="1">
              <lines>
                <line number="18" hits="4" branch="False" />
              </lines>
            </method>
            <method name="get_WakeUpTime" signature="()" line-rate="1" branch-rate="1" complexity="1">
              <lines>
                <line number="21" hits="4" branch="False" />
              </lines>
            </method>
            <method name="get_SendNotifications" signature="()" line-rate="1" branch-rate="1" complexity="1">
              <lines>
                <line number="24" hits="4" branch="False" />
              </lines>
            </method>
          </methods>
          <lines>
            <line number="9" hits="6" branch="False" />
            <line number="12" hits="4" branch="False" />
            <line number="15" hits="0" branch="False" />
            <line number="18" hits="4" branch="False" />
            <line number="21" hits="4" branch="False" />
            <line number="24" hits="4" branch="False" />
          </lines>
        </class>
        <class name="backend_eindopdracht_keephealthy.Models.Topic" filename="Models\Topic.cs" line-rate="1" branch-rate="1" complexity="4">
          <methods>
            <method name="get_TopicId" signature="()" line-rate="1" branch-rate="1" complexity="1">
              <lines>
                <line number="10" hits="67" branch="False" />
              </lines>
            </method>
            <method name="get_Description" signature="()" line-rate="1" branch-rate="1" complexity="1">
              <lines>
                <line number="13" hits="67" branch="False" />
              </lines>
            </method>
            <method name="get_Unit" signature="()" line-rate="1" branch-rate="1" complexity="1">
              <lines>
                <line number="16" hits="67" branch="False" />
              </lines>
            </method>
            <method name="get_Registrations" signature="()" line-rate="1" branch-rate="1" complexity="1">
              <lines>
                <line number="19" hits="3" branch="False" />
              </lines>
            </method>
          </methods>
          <lines>
            <line number="10" hits="67" branch="False" />
            <line number="13" hits="67" branch="False" />
            <line number="16" hits="67" branch="False" />
            <line number="19" hits="3" branch="False" />
          </lines>
        </class>
        <class name="backend_eindopdracht_keephealthy.Models.DevResponses.CustomResponse" filename="Models\DevResponses\CustomResponse.cs" line-rate="1" branch-rate="1" complexity="4">
          <methods>
            <method name="get_Title" signature="()" line-rate="1" branch-rate="1" complexity="1">
              <lines>
                <line number="14" hits="4" branch="False" />
              </lines>
            </method>
            <method name="get_Status" signature="()" line-rate="1" branch-rate="1" complexity="1">
              <lines>
                <line number="15" hits="4" branch="False" />
              </lines>
            </method>
            <method name="get_Message" signature="()" line-rate="1" branch-rate="1" complexity="1">
              <lines>
                <line number="16" hits="4" branch="False" />
              </lines>
            </method>
            <method name=".ctor" signature="(System.String,System.Int32,System.String)" line-rate="1" branch-rate="1" complexity="1">
              <lines>
                <line number="7" hits="2" branch="False" />
                <line number="8" hits="2" branch="False" />
                <line number="9" hits="2" branch="False" />
                <line number="10" hits="2" branch="False" />
                <line number="11" hits="2" branch="False" />
                <line number="12" hits="2" branch="False" />
              </lines>
            </method>
          </methods>
          <lines>
            <line number="14" hits="4" branch="False" />
            <line number="15" hits="4" branch="False" />
            <line number="16" hits="4" branch="False" />
            <line number="7" hits="2" branch="False" />
            <line number="8" hits="2" branch="False" />
            <line number="9" hits="2" branch="False" />
            <line number="10" hits="2" branch="False" />
            <line number="11" hits="2" branch="False" />
            <line number="12" hits="2" branch="False" />
          </lines>
        </class>
        <class name="backend_eindopdracht_keephealthy.Migrations.initstructure" filename="Migrations\20210421175814_init structure.cs" line-rate="0" branch-rate="1" complexity="2">
          <methods>
            <method name="Up" signature="(Microsoft.EntityFrameworkCore.Migrations.MigrationBuilder)" line-rate="0" branch-rate="1" complexity="1">
              <lines>
                <line number="9" hits="0" branch="False" />
                <line number="10" hits="0" branch="False" />
                <line number="11" hits="0" branch="False" />
                <line number="12" hits="0" branch="False" />
                <line number="13" hits="0" branch="False" />
                <line number="14" hits="0" branch="False" />
                <line number="15" hits="0" branch="False" />
                <line number="16" hits="0" branch="False" />
                <line number="17" hits="0" branch="False" />
                <line number="18" hits="0" branch="False" />
                <line number="19" hits="0" branch="False" />
                <line number="21" hits="0" branch="False" />
                <line number="22" hits="0" branch="False" />
                <line number="23" hits="0" branch="False" />
                <line number="24" hits="0" branch="False" />
                <line number="25" hits="0" branch="False" />
                <line number="26" hits="0" branch="False" />
                <line number="27" hits="0" branch="False" />
                <line number="28" hits="0" branch="False" />
                <line number="29" hits="0" branch="False" />
                <line number="30" hits="0" branch="False" />
                <line number="31" hits="0" branch="False" />
                <line number="32" hits="0" branch="False" />
                <line number="34" hits="0" branch="False" />
                <line number="35" hits="0" branch="False" />
                <line number="36" hits="0" branch="False" />
                <line number="37" hits="0" branch="False" />
                <line number="38" hits="0" branch="False" />
                <line number="39" hits="0" branch="False" />
                <line number="40" hits="0" branch="False" />
                <line number="41" hits="0" branch="False" />
                <line number="42" hits="0" branch="False" />
                <line number="43" hits="0" branch="False" />
                <line number="44" hits="0" branch="False" />
                <line number="45" hits="0" branch="False" />
                <line number="46" hits="0" branch="False" />
                <line number="47" hits="0" branch="False" />
                <line number="48" hits="0" branch="False" />
                <line number="49" hits="0" branch="False" />
                <line number="50" hits="0" branch="False" />
                <line number="51" hits="0" branch="False" />
                <line number="52" hits="0" branch="False" />
                <line number="53" hits="0" branch="False" />
                <line number="55" hits="0" branch="False" />
                <line number="56" hits="0" branch="False" />
                <line number="57" hits="0" branch="False" />
                <line number="58" hits="0" branch="False" />
                <line number="59" hits="0" branch="False" />
                <line number="60" hits="0" branch="False" />
                <line number="61" hits="0" branch="False" />
                <line number="62" hits="0" branch="False" />
                <line number="63" hits="0" branch="False" />
                <line number="64" hits="0" branch="False" />
[...]
            <line number="67" hits="2" branch="False" />
            <line number="70" hits="0" branch="False" />
            <line number="71" hits="0" branch="False" />
            <line number="72" hits="0" branch="False" />
            <line number="74" hits="5" branch="False" />
          </lines>
        </class>
        <class name="backend_eindopdracht_keephealthy.Controllers.HealthController/&lt;AddSleepSetting&gt;d__9" filename="Controllers\HealthController.cs" line-rate="0" branch-rate="1" complexity="1">
          <methods>
            <method name="MoveNext" signature="()" line-rate="0" branch-rate="1" complexity="1">
              <lines>
                <line number="79" hits="0" branch="False" />
                <line number="81" hits="0" branch="False" />
                <line number="82" hits="0" branch="False" />
                <line number="83" hits="0" branch="False" />
                <line number="85" hits="0" branch="False" />
                <line number="86" hits="0" branch="False" />
                <line number="87" hits="0" branch="False" />
                <line number="89" hits="0" branch="False" />
              </lines>
            </method>
          </methods>
          <lines>
            <line number="79" hits="0" branch="False" />
            <line number="81" hits="0" branch="False" />
            <line number="82" hits="0" branch="False" />
            <line number="83" hits="0" branch="False" />
            <line number="85" hits="0" branch="False" />
            <line number="86" hits="0" branch="False" />
            <line number="87" hits="0" branch="False" />
            <line number="89" hits="0" branch="False" />
          </lines>
        </class>
        <class name="backend_eindopdracht_keephealthy.Controllers.HealthController/&lt;GetLatestRegistrationByTopic&gt;d__10" filename="Controllers\HealthController.cs" line-rate="0.5714" branch-rate="1" complexity="1">
          <methods>
            <method name="MoveNext" signature="()" line-rate="0.5714" branch-rate="1" complexity="1">
              <lines>
                <line number="96" hits="2" branch="False" />
                <line number="98" hits="2" branch="False" />
                <line number="99" hits="2" branch="False" />
                <line number="101" hits="0" branch="False" />
                <line number="102" hits="0" branch="False" />
                <line number="103" hits="0" branch="False" />
                <line number="105" hits="2" branch="False" />
              </lines>
            </method>
          </methods>
          <lines>
            <line number="96" hits="2" branch="False" />
            <line number="98" hits="2" branch="False" />
            <line number="99" hits="2" branch="False" />
            <line number="101" hits="0" branch="False" />
            <line number="102" hits="0" branch="False" />
            <line number="103" hits="0" branch="False" />
            <line number="105" hits="2" branch="False" />
          </lines>
        </class>
        <class name="backend_eindopdracht_keephealthy.Controllers.HealthController/&lt;GetLatestRegistrationsByTopic&gt;d__11" filename="Controllers\HealthController.cs" line-rate="0.75" branch-rate="0.75" complexity="4">
          <methods>
            <method name="MoveNext" signature="()" line-rate="0.75" branch-rate="0.75" complexity="4">
              <lines>
                <line number="110" hits="2" branch="False" />
                <line number="113" hits="2" branch="False" />
                <line number="114" hits="2" branch="False" />
                <line number="115" hits="2" branch="True" condition-coverage="75% (3/4)">
                  <conditions>
                    <condition number="172" type="jump" coverage="50%" />
                    <condition number="195" type="jump" coverage="100%" />
                  </conditions>
                </line>
                <line number="116" hits="1" branch="False" />
                <line number="117" hits="1" branch="False" />
                <line number="120" hits="1" branch="False" />
                <line number="121" hits="1" branch="False" />
                <line number="124" hits="0" branch="False" />
                <line number="125" hits="0" branch="False" />
                <line number="126" hits="0" branch="False" />
                <line number="128" hits="2" branch="False" />
              </lines>
            </method>
          </methods>
          <lines>
            <line number="110" hits="2" branch="False" />
            <line number="113" hits="2" branch="False" />
            <line number="114" hits="2" branch="False" />
            <line number="115" hits="2" branch="True" condition-coverage="75% (3/4)">
              <conditions>
                <condition number="172" type="jump" coverage="50%" />
                <condition number="195" type="jump" coverage="100%" />
              </conditions>
            </line>
            <line number="116" hits="1" branch="False" />
            <line number="117" hits="1" branch="False" />
            <line number="120" hits="1" branch="False" />
            <line number="121" hits="1" branch="False" />
            <line number="124" hits="0" branch="False" />
            <line number="125" hits="0" branch="False" />
            <line number="126" hits="0" branch="False" />
            <line number="128" hits="2" branch="False" />
          </lines>
        </class>
        <class name="backend_eindopdracht_keephealthy.Controllers.HealthController/&lt;GetLatestRegistrationsDayTotalByTopic&gt;d__12" filename="Controllers\HealthController.cs" line-rate="0.75" branch-rate="0.75" complexity="4">
          <methods>
            <method name="MoveNext" signature="()" line-rate="0.75" branch-rate="0.75" complexity="4">
              <lines>
                <line number="134" hits="2" branch="False" />
                <line number="136" hits="2" branch="False" />
                <line number="137" hits="2" branch="False" />
                <line number="138" hits="2" branch="True" condition-coverage="75% (3/4)">
                  <conditions>
                    <condition number="172" type="jump" coverage="50%" />
                    <condition number="195" type="jump" coverage="100%" />
                  </conditions>
                </line>
                <line number="139" hits="1" branch="False" />
                <line number="140" hits="1" branch="False" />
                <line number="143" hits="1" branch="False" />
                <line number="144" hits="1" branch="False" />
                <line number="147" hits="0" branch="False" />
                <line number="148" hits="0" branch="False" />
                <line number="149" hits="0" branch="False" />
                <line number="151" hits="2" branch="False" />
              </lines>
            </method>
          </methods>
          <lines>
            <line number="134" hits="2" branch="False" />
            <line number="136" hits="2" branch="False" />
            <line number="137" hits="2" branch="False" />
            <line number="138" hits="2" branch="True" condition-coverage="75% (3/4)">
              <conditions>
                <condition number="172" type="jump" coverage="50%" />
                <condition number="195" type="jump" coverage="100%" />
              </conditions>
            </line>
            <line number="139" hits="1" branch="False" />
            <line number="140" hits="1" branch="False" />
            <line number="143" hits="1" branch="False" />
            <line number="144" hits="1" branch="False" />
            <line number="147" hits="0" branch="False" />
            <line number="148" hits="0" branch="False" />
            <line number="149" hits="0" branch="False" />
            <line number="151" hits="2" branch="False" />
          </lines>
        </class>
        <class name="backend_eindopdracht_keephealthy.Controllers.HealthController/&lt;GetSleepSettingByGoogleUserId&gt;d__13" filename="Controllers\HealthController.cs" line-rate="0.5714" branch-rate="1" complexity="1">
          <methods>
            <method name="MoveNext" signature="()" line-rate="0.5714" branch-rate="1" complexity="1">
              <lines>
                <line number="156" hits="2" branch="False" />
                <line number="158" hits="2" branch="False" />
                <line number="159" hits="2" branch="False" />
                <line number="161" hits="0" branch="False" />
                <line number="162" hits="0" branch="False" />
                <line number="163" hits="0" branch="False" />
                <line number="165" hits="2" branch="False" />
              </lines>
            </method>
          </methods>
          <lines>
            <line number="156" hits="2" branch="False" />
            <line number="158" hits="2" branch="False" />
            <line number="159" hits="2" branch="False" />
            <line number="161" hits="0" branch="False" />
            <line number="162" hits="0" branch="False" />
            <line number="163" hits="0" branch="False" />
            <line number="165" hits="2" branch="False" />
          </lines>
        </class>
        <class name="backend_eindopdracht_keephealthy.Controllers.HealthController/&lt;GetTopics&gt;d__14" filename="Controllers\HealthController.cs" line-rate="0.5832999999999999" branch-rate="0.5" complexity="2">
          <methods>
            <method name="MoveNext" signature="()" line-rate="0.5832999999999999" branch-rate="0.5" complexity="2">
              <lines>
                <line number="170" hits="1" branch="False" />
                <line number="172" hits="1" branch="False" />
                <line number="173" hits="1" branch="False" />
                <line number="174" hits="1" branch="True" condition-coverage="50% (1/2)">
                  <conditions>
                    <condition number="172" type="jump" coverage="50%" />
                  </conditions>
                </line>
                <line number="175" hits="0" branch="False" />
                <line number="176" hits="0" branch="False" />
                <line number="179" hits="1" branch="False" />
                <line number="180" hits="1" branch="False" />
                <line number="183" hits="0" branch="False" />
                <line number="184" hits="0" branch="False" />
                <line number="185" hits="0" branch="False" />
                <line number="187" hits="1" branch="False" />
              </lines>
            </method>
          </methods>
          <lines>
            <line number="170" hits="1" branch="False" />
            <line number="172" hits="1" branch="False" />
            <line number="173" hits="1" branch="False" />
            <line number="174" hits="1" branch="True" condition-coverage="50% (1/2)">
              <conditions>
                <condition number="172" type="jump" coverage="50%" />
              </conditions>
            </line>
            <line number="175" hits="0" branch="False" />
            <line number="176" hits="0" branch="False" />
            <line number="179" hits="1" branch="False" />
            <line number="180" hits="1" branch="False" />
            <line number="183" hits="0" branch="False" />
            <line number="184" hits="0" branch="False" />
            <line number="185" hits="0" branch="False" />
            <line number="187" hits="1" branch="False" />
          </lines>
        </class>
        <class name="backend_eindopdracht_keephealthy.Controllers.HealthController/&lt;UpdateSleepSetting&gt;d__15" filename="Controllers\HealthController.cs" line-rate="1" branch-rate="1" complexity="1">
          <methods>
            <method name="MoveNext" signature="()" line-rate="1" branch-rate="1" complexity="1">
              <lines>
                <line number="194" hits="2" branch="False" />
                <line number="196" hits="2" branch="False" />
                <line number="197" hits="2" branch="False" />
                <line number="199" hits="1" branch="False" />
                <line number="200" hits="1" branch="False" />
                <line number="201" hits="1" branch="False" />
                <line number="203" hits="2" branch="False" />
              </lines>
            </method>
          </methods>
          <lines>
            <line number="194" hits="2" branch="False" />
            <line number="196" hits="2" branch="False" />
            <line number="197" hits="2" branch="False" />
            <line number="199" hits="1" branch="False" />
            <line number="200" hits="1" branch="False" />
            <line number="201" hits="1" branch="False" />
            <line number="203" hits="2" branch="False" />
          </lines>
        </class>
        <class name="backend_eindopdracht_keephealthy.Controllers.HealthController/&lt;DeleteLatestRegistrationFromTopic&gt;d__16" filename="Controllers\HealthController.cs" line-rate="0.7272" branch-rate="1" complexity="2">
          <methods>
            <method name="MoveNext" signature="()" line-rate="0.7272" branch-rate="1" complexity="2">
              <lines>
                <line number="209" hits="4" branch="False" />
                <line number="211" hits="4" branch="False" />
                <line number="212" hits="4" branch="False" />
                <line number="213" hits="4" branch="True" condition-coverage="100% (2/2)">
                  <conditions>
                    <condition number="179" type="jump" coverage="100%" />
                  </conditions>
                </line>
                <line number="214" hits="2" branch="False" />
                <line number="215" hits="2" branch="False" />
                <line number="217" hits="2" branch="False" />
                <line number="219" hits="0" branch="False" />
                <line number="220" hits="0" branch="False" />
                <line number="221" hits="0" branch="False" />
                <line number="223" hits="4" branch="False" />
              </lines>
            </method>
          </methods>
          <lines>
            <line number="209" hits="4" branch="False" />
            <line number="211" hits="4" branch="False" />
            <line number="212" hits="4" branch="False" />
            <line number="213" hits="4" branch="True" condition-coverage="100% (2/2)">
              <conditions>
                <condition number="179" type="jump" coverage="100%" />
              </conditions>
            </line>
            <line number="214" hits="2" branch="False" />
            <line number="215" hits="2" branch="False" />
            <line number="217" hits="2" branch="False" />
            <line number="219" hits="0" branch="False" />
            <line number="220" hits="0" branch="False" />
            <line number="221" hits="0" branch="False" />
            <line number="223" hits="4" branch="False" />
          </lines>
        </class>
        <class name="backend_eindopdracht_keephealthy.Controllers.HealthController/&lt;DeleteRegistration&gt;d__17" filename="Controllers\HealthController.cs" line-rate="0.6363" branch-rate="0.5" complexity="2">
          <methods>
            <method name="MoveNext" signature="()" line-rate="0.6363" branch-rate="0.5" complexity="2">
              <lines>
                <line number="228" hits="1" branch="False" />
                <line number="230" hits="1" branch="False" />
                <line number="231" hits="1" branch="False" />
                <line number="232" hits="1" branch="True" condition-coverage="50% (1/2)">
                  <conditions>
                    <condition number="173" type="jump" coverage="50%" />
                  </conditions>
                </line>
                <line number="233" hits="1" branch="False" />
                <line number="234" hits="1" branch="False" />
                <line number="236" hits="0" branch="False" />
                <line number="238" hits="0" branch="False" />
                <line number="239" hits="0" branch="False" />
                <line number="240" hits="0" branch="False" />
                <line number="242" hits="1" branch="False" />
              </lines>
            </method>
          </methods>
          <lines>
            <line number="228" hits="1" branch="False" />
            <line number="230" hits="1" branch="False" />
            <line number="231" hits="1" branch="False" />
            <line number="232" hits="1" branch="True" condition-coverage="50% (1/2)">
              <conditions>
                <condition number="173" type="jump" coverage="50%" />
              </conditions>
            </line>
            <line number="233" hits="1" branch="False" />
            <line number="234" hits="1" branch="False" />
            <line number="236" hits="0" branch="False" />
            <line number="238" hits="0" branch="False" />
            <line number="239" hits="0" branch="False" />
            <line number="240" hits="0" branch="False" />
            <line number="242" hits="1" branch="False" />
          </lines>
        </class>
        <class name="backend_eindopdracht_keephealthy.Controllers.HealthController/&lt;DeleteAllRegistrationsFromUserFromTopic&gt;d__18" filename="Controllers\HealthController.cs" line-rate="0" branch-rate="0" complexity="2">
          <methods>
            <method name="MoveNext" signature="()" line-rate="0" branch-rate="0" complexity="2">
              <lines>
                <line number="247" hits="0" branch="False" />
                <line number="249" hits="0" branch="False" />
                <line number="250" hits="0" branch="False" />
                <line number="251" hits="0" branch="True" condition-coverage="0% (0/2)">
                  <conditions>
                    <condition number="184" type="jump" coverage="0%" />
                  </conditions>
                </line>
                <line number="252" hits="0" branch="False" />
                <line number="253" hits="0" branch="False" />
                <line number="255" hits="0" branch="False" />
                <line number="257" hits="0" branch="False" />
                <line number="258" hits="0" branch="False" />
                <line number="259" hits="0" branch="False" />
                <line number="261" hits="0" branch="False" />
              </lines>
            </method>
          </methods>
          <lines>
            <line number="247" hits="0" branch="False" />
            <line number="249" hits="0" branch="False" />
            <line number="250" hits="0" branch="False" />
            <line number="251" hits="0" branch="True" condition-coverage="0% (0/2)">
              <conditions>
                <condition number="184" type="jump" coverage="0%" />
              </conditions>
            </line>
            <line number="252" hits="0" branch="False" />
            <line number="253" hits="0" branch="False" />
            <line number="255" hits="0" branch="False" />
            <line number="257" hits="0" branch="False" />
            <line number="258" hits="0" branch="False" />
            <line number="259" hits="0" branch="False" />
            <line number="261" hits="0" branch="False" />
          </lines>
        </class>
        <class name="backend_eindopdracht_keephealthy.Configuration.ConnectionStrings" filename="Configuration\ConnectionStrings.cs" line-rate="1" branch-rate="1" complexity="1">
          <methods>
            <method name="get_SQL" signature="()" line-rate="1" branch-rate="1" complexity="1">
              <lines>
                <line number="7" hits="22" branch="False" />
              </lines>
            </method>
          </methods>
          <lines>
            <line number="7" hits="22" branch="False" />
          </lines>
        </class>
      </classes>
    </package>
  </packages>
</coverage>